<?xml version="1.0" encoding="UTF-8"?>
<!-- Generated by org.testng.reporters.JUnitReportReporter -->
<testsuite hostname="DESKTOP-MGGGEJ4" failures="0" tests="5" name="testCases.TC003_LoginDDT" time="28.802" errors="0" timestamp="2024-12-02T12:50:42 IST" skipped="0">
  <testcase classname="testCases.TC003_LoginDDT" name="verify_login" time="1.988"/>
  <testcase classname="testCases.TC003_LoginDDT" name="verify_login" time="11.423"/>
  <testcase classname="testCases.TC003_LoginDDT" name="verify_login" time="11.154"/>
  <testcase classname="testCases.TC003_LoginDDT" name="verify_login" time="2.468"/>
  <testcase classname="testCases.TC003_LoginDDT" name="verify_login" time="1.769"/>
</testsuite> <!-- testCases.TC003_LoginDDT -->
