<?xml version="1.0" encoding="UTF-8"?>
<!-- Generated by org.testng.reporters.JUnitReportReporter -->
<testsuite hostname="DESKTOP-MGGGEJ4" failures="0" tests="1" name="testCases.TC002_LoginTest" time="3.078" errors="0" timestamp="2024-12-03T12:17:18 IST" skipped="0">
  <testcase classname="testCases.TC002_LoginTest" name="verify_login" time="3.078"/>
</testsuite> <!-- testCases.TC002_LoginTest -->
