<?xml version="1.0" encoding="UTF-8"?>
<!-- Generated by org.testng.reporters.JUnitReportReporter -->
<testsuite hostname="DESKTOP-MGGGEJ4" failures="0" tests="1" name="testCases.TC001_AccountRegistration" time="4.496" errors="0" timestamp="2024-12-03T20:52:17 IST" skipped="0">
  <testcase classname="testCases.TC001_AccountRegistration" name="verify_Account_reg" time="4.496"/>
</testsuite> <!-- testCases.TC001_AccountRegistration -->
